<?xml version="1.0" encoding="UTF-8"?>
<!-- Generated by org.testng.reporters.JUnitReportReporter -->
<testsuite skipped="0" hostname="HYD-LAP-00639" name="Employee.IncludeExcludeEmployee" tests="4" failures="0" timestamp="2020-05-05T18:53:10 IST" time="7.883" errors="0">
  <testcase name="retriveEmployee" time="0.699" classname="Employee.IncludeExcludeEmployee"/>
  <system-out/>
  <testcase name="updateEmployee" time="1.056" classname="Employee.IncludeExcludeEmployee"/>
  <system-out/>
  <testcase name="deleteEmployee" time="0.851" classname="Employee.IncludeExcludeEmployee"/>
  <system-out/>
  <testcase name="createEmployee" time="5.277" classname="Employee.IncludeExcludeEmployee"/>
  <system-out/>
</testsuite> <!-- Employee.IncludeExcludeEmployee -->
