<?xml version="1.0" encoding="UTF-8"?>
<!-- Generated by org.testng.reporters.JUnitReportReporter -->
<testsuite skipped="1" hostname="HYD-LAP-00639" name="com.nisum.poc.TestNG.EmployeeTest" tests="4" failures="0" timestamp="2020-05-08T17:35:18 IST" time="5.868" errors="0">
  <testcase name="validatecreateEmployee" time="3.955" classname="com.nisum.poc.TestNG.EmployeeTest"/>
  <system-out/>
  <testcase name="validateupdateteEmployee" time="0.889" classname="com.nisum.poc.TestNG.EmployeeTest"/>
  <system-out/>
  <testcase name="validateDeleteEmployee" time="1.024" classname="com.nisum.poc.TestNG.EmployeeTest"/>
  <system-out/>
  <testcase name="validateGetEmployee" classname="com.nisum.poc.TestNG.EmployeeTest">
    <skipped/>
  </testcase> <!-- validateGetEmployee -->
  <system-out/>
</testsuite> <!-- com.nisum.poc.TestNG.EmployeeTest -->
